<?xml version="1.0" encoding="UTF-8"?>
<testng-results ignored="0" total="1" passed="1" failed="0" skipped="0">
  <reporter-output>
  </reporter-output>
  <suite started-at="2024-11-23T22:18:32 IST" name="Suite" finished-at="2024-11-23T22:19:21 IST" duration-ms="49109">
    <groups>
    </groups>
    <test started-at="2024-11-23T22:18:32 IST" name="Test" finished-at="2024-11-23T22:19:21 IST" duration-ms="49109">
      <class name="NewTest">
        <test-method signature="f()[pri:0, instance:NewTest@49139829]" started-at="2024-11-23T22:18:32 IST" name="f" finished-at="2024-11-23T22:19:21 IST" duration-ms="48854" status="PASS">
          <reporter-output>
          </reporter-output>
        </test-method> <!-- f -->
      </class> <!-- NewTest -->
    </test> <!-- Test -->
  </suite> <!-- Suite -->
</testng-results>
